<?xml version="1.0" encoding="UTF-8"?>
<testsuite name="GigasecondTest" tests="5" skipped="4" failures="0" errors="0" timestamp="2022-01-16T20:23:06" hostname="DESKTOP-9GKQQA8" time="0.008">
  <properties/>
  <testcase name="withFullTimeSpecified" classname="GigasecondTest" time="0.0">
    <skipped/>
  </testcase>
  <testcase name="modernTime" classname="GigasecondTest" time="0.006"/>
  <testcase name="beforeEpochTime" classname="GigasecondTest" time="0.0">
    <skipped/>
  </testcase>
  <testcase name="afterEpochTime" classname="GigasecondTest" time="0.001">
    <skipped/>
  </testcase>
  <testcase name="withFullTimeSpecifiedAndDayRollover" classname="GigasecondTest" time="0.0">
    <skipped/>
  </testcase>
  <system-out><![CDATA[]]></system-out>
  <system-err><![CDATA[]]></system-err>
</testsuite>
